<?xml version="1.0" encoding="UTF-8"?>
<!-- Generated by org.testng.reporters.JUnitXMLReporter -->
<testsuite ignored="0" hostname="TestVagrants-MacBook-Pro.local" failures="0" tests="5" name="Surefire test" time="3.623" errors="0" timestamp="2023-02-01T13:24:24 IST">
  <testcase classname="com.spotify.oauth2.tests.PlaylistTests" name="ShouldNotBeAbleToCreateAPlaylistWithExpiredToken" time="2.576"/>
  <testcase classname="com.spotify.oauth2.tests.PlaylistTests" name="ShouldNotBeAbleToCreateAPlaylistWithoutName" time="3.334"/>
  <testcase classname="com.spotify.oauth2.tests.PlaylistTests" name="ShouldBeAbleToGetAPlaylist" time="3.396"/>
  <testcase classname="com.spotify.oauth2.tests.PlaylistTests" name="ShouldBeAbleToUpdateAPlaylist" time="3.441"/>
  <testcase classname="com.spotify.oauth2.tests.PlaylistTests" name="ShouldBeAbleToCreateAPlaylist" time="3.475"/>
</testsuite> <!-- Surefire test -->
