<?xml version="1.0" encoding="UTF-8"?>
<testsuite xmlns:xsi="http://www.w3.org/2001/XMLSchema-instance" xsi:noNamespaceSchemaLocation="https://maven.apache.org/surefire/maven-surefire-plugin/xsd/surefire-test-report-3.0.xsd" version="3.0" name="TestSuite" time="4.354" tests="5" errors="0" skipped="0" failures="0">
  <properties>
[...]
</properties>
  <testcase name="ShouldNotBeAbleToCreateAPlaylistWithExpiredToken" classname="com.spotify.oauth2.tests.PlaylistTests" time="2.546">
    <system-out><![CDATA[STARTING TEST: ShouldNotBeAbleToCreateAPlaylistWithoutName
STARTING TEST: ShouldBeAbleToCreateAPlaylist
STARTING TEST: ShouldBeAbleToGetAPlaylist
STARTING TEST: ShouldNotBeAbleToCreateAPlaylistWithExpiredToken
STARTING TEST: ShouldBeAbleToUpdateAPlaylist
THREAD ID: 34
THREAD ID: 32
THREAD ID: 33
THREAD ID: 31
THREAD ID: 35
Renewing token ...
Request method:	POST
Request URI:	https://accounts.spotify.com/api/token
Proxy:			<none>
Request params:	<none>
Query params:	<none>
Form params:	refresh_token=AQB0lJ6WTVhE3O2yyl9py2_gDA4-Hx0JeNn0gaNUZNG85i36ggNoPO2A1X659Ouh5Zon8ZTae7vwbV-ibtu88exu_JahJ7Vq5FJp124f9K_aVJHqMsUBDA7gD6jta1xsNPI
				grant_type=refresh_token
				client_secret=9cbc65f1b0064f1496ab5bc88c92deca
				client_id=568fdd50509d447ba36129cc6a4f7d40
Path params:	<none>
Headers:		Accept=*/*
				Content-Type=application/x-www-form-urlencoded; charset=ISO-8859-1
Cookies:		<none>
Multiparts:		<none>
Body:			<none>
Request method:	POST
Request URI:	https://api.spotify.com/v1/users/31phiqdgvqwnrqvusedjzds7imn4/playlists
Proxy:			<none>
Request params:	<none>
Query params:	<none>
Form params:	<none>
Path params:	<none>
Headers:		Accept=*/*
				Content-Type=application/json; charset=UTF-8
Cookies:		<none>
Multiparts:		<none>
Body:
{
    "description": "Description 5@&+S####fv i# 7&xGr_h&_ D&_&7Tg# #5&Wc&__pe&_Zv5#",
    "name": "Playlist t iH _ Nu,",
    "public": false
}
HTTP/1.1 401 Unauthorized
www-authenticate: Bearer realm="spotify", error="invalid_token", error_description="Invalid access token"
access-control-allow-origin: *
access-control-allow-headers: Accept, App-Platform, Authorization, Content-Type, Origin, Retry-After, Spotify-App-Version, X-Cloud-Trace-Context, client-token, content-access-token
access-control-allow-methods: GET, POST, OPTIONS, PUT, DELETE, PATCH
access-control-allow-credentials: true
access-control-max-age: 604800
content-type: application/json
content-encoding: gzip
strict-transport-security: max-age=31536000
x-content-type-options: nosniff
date: Wed, 01 Feb 2023 07:54:23 GMT
server: envoy
Via: HTTP/2 edgeproxy, 1.1 google
Alt-Svc: h3=":443"; ma=2592000,h3-29=":443"; ma=2592000
Transfer-Encoding: chunked

{
    "error": {
        "status": 401,
        "message": "Invalid access token"
    }
}
HTTP/1.1 200 OK
date: Wed, 01 Feb 2023 07:54:23 GMT
content-type: application/json
vary: Accept-Encoding
set-cookie: __Host-device_id=AQAomnMerNu7Vbf5gAEDt0fBH1YDNmkNGnzEpy1_lUzzdWm0x97u1GOMxAL3TbqRyJ66m1ngVoapwO0nbid7R0UawHWX2CMve6I;Version=1;Path=/;Max-Age=2147483647;Secure;HttpOnly;SameSite=Lax
set-cookie: sp_tr=false;Version=1;Domain=accounts.spotify.com;Path=/;Secure;SameSite=Lax
sp-trace-id: 8bdeefe19c6c8114
content-encoding: gzip
x-envoy-upstream-service-time: 30
server: envoy
strict-transport-security: max-age=31536000
x-content-type-options: nosniff
Via: HTTP/2 edgeproxy, 1.1 google
Alt-Svc: h3=":443"; ma=2592000,h3-29=":443"; ma=2592000
Transfer-Encoding: chunked

{
    "access_token": "BQA-D9227y5_6njDblnoQgDKGH5PJasSrxXum_92nwcG8uwzHvDUySdFdAwws7sX5QSceTjcRXVfcq1h45S_x_o5XdXQRGz_cm_4dvSm2Mcnid2mChjG93zyLUcv83sea970cWtcJAKshqe-S22KhZ9gUMMNQRZnZ6CMTh5mXphy_h2DZmq-S3Kb81ueTn02tBx8yxzCF_6z4EfoGUYnJDDrRmFVj3dakYnppaI1aC40ORxROkLMXOvf40AgZHV4P7XI2OjE0ijTy0Gb9w",
    "token_type": "Bearer",
    "expires_in": 3600,
    "scope": "playlist-read-private playlist-read-collaborative playlist-modify-private playlist-modify-public"
}
]]></system-out>
    <system-err><![CDATA[SLF4J: Failed to load class "org.slf4j.impl.StaticLoggerBinder".
SLF4J: Defaulting to no-operation (NOP) logger implementation
SLF4J: See http://www.slf4j.org/codes.html#StaticLoggerBinder for further details.
]]></system-err>
  </testcase>
  <testcase name="ShouldNotBeAbleToCreateAPlaylistWithoutName" classname="com.spotify.oauth2.tests.PlaylistTests" time="3.292">
    <system-out><![CDATA[Token is good to use
Token is good to use
Token is good to use
Request method:	GET
Request URI:	https://api.spotify.com/v1/playlists/09yp9j8uuISCNJQUaV4goO
Proxy:			<none>
Request params:	<none>
Query params:	<none>
Form params:	<none>
Path params:	<none>
Headers:		Accept=*/*
				Content-Type=application/json; charset=UTF-8
Cookies:		<none>
Multiparts:		<none>
Body:			<none>
Request method:	PUT
Request URI:	https://api.spotify.com/v1/playlists/6iTkdVa74dSJYmnV6LLuhd
Proxy:			<none>
Request params:	<none>
Query params:	<none>
Form params:	<none>
Path params:	<none>
Headers:		Accept=*/*
				Content-Type=application/json; charset=UTF-8
Cookies:		<none>
Multiparts:		<none>
Body:
{
    "description": "Description ba__#r&iF9. 5P#_7# d+_nc+28++c&&_.#K.+_#+4 poW+kE+",
    "name": "Playlist  _-oYM -_9",
    "public": false
}
Request method:	POST
Request URI:	https://api.spotify.com/v1/users/31phiqdgvqwnrqvusedjzds7imn4/playlists
Proxy:			<none>
Request params:	<none>
Query params:	<none>
Form params:	<none>
Path params:	<none>
Headers:		Accept=*/*
				Content-Type=application/json; charset=UTF-8
Cookies:		<none>
Multiparts:		<none>
Body:
{
    "description": "Description C_l FXM&_#k&&& 9&9&+#m_+29z_7#&&G/_/ _&M5+-#c__ +_",
    "name": "Playlist   _ B,- 1-",
    "public": false
}
Request method:	POST
Request URI:	https://api.spotify.com/v1/users/31phiqdgvqwnrqvusedjzds7imn4/playlists
Proxy:			<none>
Request params:	<none>
Query params:	<none>
Form params:	<none>
Path params:	<none>
Headers:		Accept=*/*
				Content-Type=application/json; charset=UTF-8
Cookies:		<none>
Multiparts:		<none>
Body:
{
    "description": "Description +++7+e&.I_R#6&&_ M_t-##8&q4&tzZV&#Bhq_ P8#- 83+k8w",
    "name": "",
    "public": false
}
HTTP/1.1 400 Bad Request
content-type: application/json; charset=utf-8
cache-control: private, max-age=0
x-robots-tag: noindex, nofollow
access-control-allow-origin: *
access-control-allow-headers: Accept, App-Platform, Authorization, Content-Type, Origin, Retry-After, Spotify-App-Version, X-Cloud-Trace-Context, client-token, content-access-token
access-control-allow-methods: GET, POST, OPTIONS, PUT, DELETE, PATCH
access-control-allow-credentials: true
access-control-max-age: 604800
content-encoding: gzip
strict-transport-security: max-age=31536000
x-content-type-options: nosniff
date: Wed, 01 Feb 2023 07:54:24 GMT
server: envoy
Via: HTTP/2 edgeproxy, 1.1 google
Alt-Svc: h3=":443"; ma=2592000,h3-29=":443"; ma=2592000
Transfer-Encoding: chunked

{
    "error": {
        "status": 400,
        "message": "Missing required field: name"
    }
}
]]></system-out>
  </testcase>
  <testcase name="ShouldBeAbleToGetAPlaylist" classname="com.spotify.oauth2.tests.PlaylistTests" time="3.352">
    <system-out><![CDATA[HTTP/1.1 200 OK
content-type: application/json; charset=utf-8
cache-control: public, max-age=0
etag: "MC-ImVlMTVjZTUwZmFhNTViYTIzZTk2ZjM0OGRlNzdkYzhmIg=="
x-robots-tag: noindex, nofollow
access-control-allow-origin: *
access-control-allow-headers: Accept, App-Platform, Authorization, Content-Type, Origin, Retry-After, Spotify-App-Version, X-Cloud-Trace-Context, client-token, content-access-token
access-control-allow-methods: GET, POST, OPTIONS, PUT, DELETE, PATCH
access-control-allow-credentials: true
access-control-max-age: 604800
content-encoding: gzip
strict-transport-security: max-age=31536000
x-content-type-options: nosniff
date: Wed, 01 Feb 2023 07:54:24 GMT
server: envoy
Via: HTTP/2 edgeproxy, 1.1 google
Alt-Svc: h3=":443"; ma=2592000,h3-29=":443"; ma=2592000
Transfer-Encoding: chunked

{
    "collaborative": false,
    "description": "Updated playlist description",
    "external_urls": {
        "spotify": "https://open.spotify.com/playlist/09yp9j8uuISCNJQUaV4goO"
    },
    "followers": {
        "href": null,
        "total": 0
    },
    "href": "https://api.spotify.com/v1/playlists/09yp9j8uuISCNJQUaV4goO",
    "id": "09yp9j8uuISCNJQUaV4goO",
    "images": [
        
    ],
    "name": "Updated Playlist Name",
    "owner": {
        "display_name": "Binit",
        "external_urls": {
            "spotify": "https://open.spotify.com/user/31phiqdgvqwnrqvusedjzds7imn4"
        },
        "href": "https://api.spotify.com/v1/users/31phiqdgvqwnrqvusedjzds7imn4",
        "id": "31phiqdgvqwnrqvusedjzds7imn4",
        "type": "user",
        "uri": "spotify:user:31phiqdgvqwnrqvusedjzds7imn4"
    },
    "primary_color": null,
    "public": false,
    "snapshot_id": "OCxiZDE3NGRhMzAwNjZmMTM2NDZmNjE5MWEyYWMzMzFiMWM2OTFiMzJh",
    "tracks": {
        "href": "https://api.spotify.com/v1/playlists/09yp9j8uuISCNJQUaV4goO/tracks?offset=0&limit=100",
        "items": [
            
        ],
        "limit": 100,
        "next": null,
        "offset": 0,
        "previous": null,
        "total": 0
    },
    "type": "playlist",
    "uri": "spotify:playlist:09yp9j8uuISCNJQUaV4goO"
}
]]></system-out>
  </testcase>
  <testcase name="ShouldBeAbleToUpdateAPlaylist" classname="com.spotify.oauth2.tests.PlaylistTests" time="3.395">
    <system-out><![CDATA[HTTP/1.1 200 OK
cache-control: private, max-age=0
x-robots-tag: noindex, nofollow
access-control-allow-origin: *
access-control-allow-headers: Accept, App-Platform, Authorization, Content-Type, Origin, Retry-After, Spotify-App-Version, X-Cloud-Trace-Context, client-token, content-access-token
access-control-allow-methods: GET, POST, OPTIONS, PUT, DELETE, PATCH
access-control-allow-credentials: true
access-control-max-age: 604800
Content-Length: 0
strict-transport-security: max-age=31536000
x-content-type-options: nosniff
date: Wed, 01 Feb 2023 07:54:24 GMT
server: envoy
Via: HTTP/2 edgeproxy, 1.1 google
Alt-Svc: h3=":443"; ma=2592000,h3-29=":443"; ma=2592000
]]></system-out>
  </testcase>
  <testcase name="ShouldBeAbleToCreateAPlaylist" classname="com.spotify.oauth2.tests.PlaylistTests" time="3.431">
    <system-out><![CDATA[HTTP/1.1 201 Created
content-type: application/json; charset=utf-8
cache-control: private, max-age=0
location: https://api.spotify.com/v1/playlists/4hj39vbnQv98rDqs3Y79HV
x-robots-tag: noindex, nofollow
access-control-allow-origin: *
access-control-allow-headers: Accept, App-Platform, Authorization, Content-Type, Origin, Retry-After, Spotify-App-Version, X-Cloud-Trace-Context, client-token, content-access-token
access-control-allow-methods: GET, POST, OPTIONS, PUT, DELETE, PATCH
access-control-allow-credentials: true
access-control-max-age: 604800
content-encoding: gzip
strict-transport-security: max-age=31536000
x-content-type-options: nosniff
date: Wed, 01 Feb 2023 07:54:24 GMT
server: envoy
Via: HTTP/2 edgeproxy, 1.1 google
Alt-Svc: h3=":443"; ma=2592000,h3-29=":443"; ma=2592000
Transfer-Encoding: chunked

{
    "collaborative": false,
    "description": "Description C_l FXM&_#k&&& 9&9&+#m_+29z_7#&&G/_/ _&M5+-#c__ +_",
    "external_urls": {
        "spotify": "https://open.spotify.com/playlist/4hj39vbnQv98rDqs3Y79HV"
    },
    "followers": {
        "href": null,
        "total": 0
    },
    "href": "https://api.spotify.com/v1/playlists/4hj39vbnQv98rDqs3Y79HV",
    "id": "4hj39vbnQv98rDqs3Y79HV",
    "images": [
        
    ],
    "name": "Playlist   _ B,- 1-",
    "owner": {
        "display_name": "Binit",
        "external_urls": {
            "spotify": "https://open.spotify.com/user/31phiqdgvqwnrqvusedjzds7imn4"
        },
        "href": "https://api.spotify.com/v1/users/31phiqdgvqwnrqvusedjzds7imn4",
        "id": "31phiqdgvqwnrqvusedjzds7imn4",
        "type": "user",
        "uri": "spotify:user:31phiqdgvqwnrqvusedjzds7imn4"
    },
    "primary_color": null,
    "public": false,
    "snapshot_id": "MSxjZTU5MWEyZDRmYTkyMmY3YzQ0MGY5NmM3ZjRjMmJjYTAzYzJlNjYw",
    "tracks": {
        "href": "https://api.spotify.com/v1/playlists/4hj39vbnQv98rDqs3Y79HV/tracks",
        "items": [
            
        ],
        "limit": 100,
        "next": null,
        "offset": 0,
        "previous": null,
        "total": 0
    },
    "type": "playlist",
    "uri": "spotify:playlist:4hj39vbnQv98rDqs3Y79HV"
}
]]></system-out>
  </testcase>
</testsuite>