<?xml version="1.0" encoding="UTF-8"?>
<testng-results ignored="0" total="5" passed="5" failed="0" skipped="0">
  <reporter-output>
  </reporter-output>
  <suite started-at="2023-02-01T15:35:08 IST" name="Surefire suite" finished-at="2023-02-01T15:35:12 IST" duration-ms="3925">
    <groups>
    </groups>
    <test started-at="2023-02-01T15:35:08 IST" name="Surefire test" finished-at="2023-02-01T15:35:12 IST" duration-ms="3925">
      <class name="com.spotify.oauth2.tests.PlaylistTests">
        <test-method is-config="true" signature="beforeMethod(java.lang.reflect.Method)[pri:0, instance:com.spotify.oauth2.tests.PlaylistTests@319854f0]" started-at="2023-02-01T15:35:08 IST" name="beforeMethod" finished-at="2023-02-01T15:35:08 IST" duration-ms="14" status="PASS">
          <params>
            <param index="0">
              <value>
                <![CDATA[public void com.spotify.oauth2.tests.PlaylistTests.ShouldBeAbleToGetAPlaylist()]]>
              </value>
            </param>
          </params>
          <reporter-output>
          </reporter-output>
        </test-method> <!-- beforeMethod -->
        <test-method is-config="true" signature="beforeMethod(java.lang.reflect.Method)[pri:0, instance:com.spotify.oauth2.tests.PlaylistTests@319854f0]" started-at="2023-02-01T15:35:08 IST" name="beforeMethod" finished-at="2023-02-01T15:35:08 IST" duration-ms="14" status="PASS">
          <params>
            <param index="0">
              <value>
                <![CDATA[public void com.spotify.oauth2.tests.PlaylistTests.ShouldNotBeAbleToCreateAPlaylistWithoutName()]]>
              </value>
            </param>
          </params>
          <reporter-output>
          </reporter-output>
        </test-method> <!-- beforeMethod -->
        <test-method is-config="true" signature="beforeMethod(java.lang.reflect.Method)[pri:0, instance:com.spotify.oauth2.tests.PlaylistTests@319854f0]" started-at="2023-02-01T15:35:08 IST" name="beforeMethod" finished-at="2023-02-01T15:35:08 IST" duration-ms="14" status="PASS">
          <params>
            <param index="0">
              <value>
                <![CDATA[public void com.spotify.oauth2.tests.PlaylistTests.ShouldBeAbleToUpdateAPlaylist()]]>
              </value>
            </param>
          </params>
          <reporter-output>
          </reporter-output>
        </test-method> <!-- beforeMethod -->
        <test-method is-config="true" signature="beforeMethod(java.lang.reflect.Method)[pri:0, instance:com.spotify.oauth2.tests.PlaylistTests@319854f0]" started-at="2023-02-01T15:35:08 IST" name="beforeMethod" finished-at="2023-02-01T15:35:08 IST" duration-ms="14" status="PASS">
          <params>
            <param index="0">
              <value>
                <![CDATA[public void com.spotify.oauth2.tests.PlaylistTests.ShouldBeAbleToCreateAPlaylist()]]>
              </value>
            </param>
          </params>
          <reporter-output>
          </reporter-output>
        </test-method> <!-- beforeMethod -->
        <test-method is-config="true" signature="beforeMethod(java.lang.reflect.Method)[pri:0, instance:com.spotify.oauth2.tests.PlaylistTests@319854f0]" started-at="2023-02-01T15:35:08 IST" name="beforeMethod" finished-at="2023-02-01T15:35:08 IST" duration-ms="14" status="PASS">
          <params>
            <param index="0">
              <value>
                <![CDATA[public void com.spotify.oauth2.tests.PlaylistTests.ShouldNotBeAbleToCreateAPlaylistWithExpiredToken()]]>
              </value>
            </param>
          </params>
          <reporter-output>
          </reporter-output>
        </test-method> <!-- beforeMethod -->
        <test-method signature="ShouldNotBeAbleToCreateAPlaylistWithoutName()[pri:0, instance:com.spotify.oauth2.tests.PlaylistTests@319854f0]" started-at="2023-02-01T15:35:08 IST" name="ShouldNotBeAbleToCreateAPlaylistWithoutName" description="should not be able to create a playlist without name" finished-at="2023-02-01T15:35:12 IST" duration-ms="3621" status="PASS">
          <reporter-output>
          </reporter-output>
        </test-method> <!-- ShouldNotBeAbleToCreateAPlaylistWithoutName -->
        <test-method signature="ShouldBeAbleToGetAPlaylist()[pri:0, instance:com.spotify.oauth2.tests.PlaylistTests@319854f0]" started-at="2023-02-01T15:35:08 IST" name="ShouldBeAbleToGetAPlaylist" description="should be able to Get a playlist" finished-at="2023-02-01T15:35:12 IST" duration-ms="3696" status="PASS">
          <reporter-output>
          </reporter-output>
        </test-method> <!-- ShouldBeAbleToGetAPlaylist -->
        <test-method signature="ShouldBeAbleToUpdateAPlaylist()[pri:0, instance:com.spotify.oauth2.tests.PlaylistTests@319854f0]" started-at="2023-02-01T15:35:08 IST" name="ShouldBeAbleToUpdateAPlaylist" description="should be able to Update a playlist" finished-at="2023-02-01T15:35:12 IST" duration-ms="3746" status="PASS">
          <reporter-output>
          </reporter-output>
        </test-method> <!-- ShouldBeAbleToUpdateAPlaylist -->
        <test-method signature="ShouldBeAbleToCreateAPlaylist()[pri:0, instance:com.spotify.oauth2.tests.PlaylistTests@319854f0]" started-at="2023-02-01T15:35:08 IST" name="ShouldBeAbleToCreateAPlaylist" description="should be able to create a playlist" finished-at="2023-02-01T15:35:12 IST" duration-ms="3773" status="PASS">
          <reporter-output>
          </reporter-output>
        </test-method> <!-- ShouldBeAbleToCreateAPlaylist -->
        <test-method signature="ShouldNotBeAbleToCreateAPlaylistWithExpiredToken()[pri:0, instance:com.spotify.oauth2.tests.PlaylistTests@319854f0]" started-at="2023-02-01T15:35:08 IST" name="ShouldNotBeAbleToCreateAPlaylistWithExpiredToken" description="should not be able to create a playlist with expired token" finished-at="2023-02-01T15:35:11 IST" duration-ms="2847" status="PASS">
          <reporter-output>
          </reporter-output>
        </test-method> <!-- ShouldNotBeAbleToCreateAPlaylistWithExpiredToken -->
      </class> <!-- com.spotify.oauth2.tests.PlaylistTests -->
    </test> <!-- Surefire test -->
  </suite> <!-- Surefire suite -->
</testng-results>
